  ESLSCDLL.c
c:\entw\pcie\64bit\eslscdll\global.h(105): warning C4005: 'WINNT': macro redefinition
  c:\entw\pcie\64bit\eslscdll\global.h(105): note: command-line arguments:  see previous definition of 'WINNT'
c:\entw\pcie\64bit\eslscdll\board.c(239): warning C4028: formal parameter 1 different from declaration
c:\entw\pcie\64bit\eslscdll\board.c(243): warning C4477: 'sprintf_s' : format string '%d' requires an argument of type 'int', but variadic argument 2 has type 'UINT64'
  c:\entw\pcie\64bit\eslscdll\board.c(243): note: consider using '%lld' in the format string
  c:\entw\pcie\64bit\eslscdll\board.c(243): note: consider using '%Id' in the format string
  c:\entw\pcie\64bit\eslscdll\board.c(243): note: consider using '%I64d' in the format string
c:\entw\pcie\64bit\eslscdll\board.c(275): warning C4477: 'sprintf_s' : format string '%p' requires an argument of type 'void *', but variadic argument 1 has type 'KPTR'
c:\entw\pcie\64bit\eslscdll\board.c(280): warning C4477: 'sprintf_s' : format string '%p' requires an argument of type 'void *', but variadic argument 1 has type 'DMA_ADDR'
c:\entw\pcie\64bit\eslscdll\board.c(281): warning C4477: 'sprintf_s' : format string '%p' requires an argument of type 'void *', but variadic argument 1 has type 'DMA_ADDR'
c:\entw\pcie\64bit\eslscdll\board.c(283): warning C4477: 'sprintf_s' : format string '%p' requires an argument of type 'void *', but variadic argument 1 has type 'DMA_ADDR'
c:\entw\pcie\64bit\eslscdll\board.c(406): warning C4026: function declared with formal parameter list
c:\entw\pcie\64bit\eslscdll\board.c(463): warning C4020: 'ErrorMsg': too many actual parameters
c:\entw\pcie\64bit\eslscdll\board.c(498): warning C4244: '=': conversion from 'DWORD' to 'UINT8', possible loss of data
c:\entw\pcie\64bit\eslscdll\board.c(566): warning C4047: 'return': 'BOOL' differs in levels of indirection from 'void *'
c:\entw\pcie\64bit\eslscdll\board.c(764): warning C4101: 'BitMask': unreferenced local variable
c:\entw\pcie\64bit\eslscdll\board.c(839): warning C4027: function declared without formal parameter list
c:\entw\pcie\64bit\eslscdll\board.c(954): warning C4027: function declared without formal parameter list
c:\entw\pcie\64bit\eslscdll\board.c(988): warning C4090: 'function': different 'volatile' qualifiers
c:\entw\pcie\64bit\eslscdll\board.c(988): warning C4022: 'memcpy': pointer mismatch for actual parameter 2
c:\entw\pcie\64bit\eslscdll\board.c(985): warning C4047: 'initializing': 'INT_PTR' differs in levels of indirection from 'USHORT *'
c:\entw\pcie\64bit\eslscdll\board.c(1066): warning C4090: 'function': different 'volatile' qualifiers
c:\entw\pcie\64bit\eslscdll\board.c(1112): warning C4029: declared formal parameter list different from definition
c:\entw\pcie\64bit\eslscdll\board.c(1142): warning C4244: 'function': conversion from 'DWORD64' to 'DWORD', possible loss of data
c:\entw\pcie\64bit\eslscdll\board.c(1210): warning C4113: 'void (__cdecl *)(PVOID)' differs in parameter lists from 'LSCPCIEJ_INT_HANDLER'
c:\entw\pcie\64bit\eslscdll\board.c(1221): warning C4113: 'void (__cdecl *)(PVOID)' differs in parameter lists from 'LSCPCIEJ_INT_HANDLER'
c:\entw\pcie\64bit\eslscdll\board.c(1115): warning C4101: 'tempBuf': unreferenced local variable
c:\entw\pcie\64bit\eslscdll\board.c(1268): warning C4098: 'CleanupPCIE_DMA': 'void' function returning a value
c:\entw\pcie\64bit\eslscdll\board.c(1313): warning C4028: formal parameter 2 different from declaration
c:\entw\pcie\64bit\eslscdll\board.c(1313): warning C4028: formal parameter 3 different from declaration
c:\entw\pcie\64bit\eslscdll\board.c(1313): warning C4029: declared formal parameter list different from definition
c:\entw\pcie\64bit\eslscdll\board.c(1606): warning C4101: 'pDioden': unreferenced local variable
c:\entw\pcie\64bit\eslscdll\board.c(2116): warning C4101: 'ReturnedLength': unreferenced local variable
c:\entw\pcie\64bit\eslscdll\board.c(2175): warning C4101: 'ReturnedLength': unreferenced local variable
c:\entw\pcie\64bit\eslscdll\board.c(2205): warning C4101: 'ReturnedLength': unreferenced local variable
c:\entw\pcie\64bit\eslscdll\board.c(2237): warning C4101: 'ReturnedLength': unreferenced local variable
c:\entw\pcie\64bit\eslscdll\board.c(2236): warning C4101: 'DataLength': unreferenced local variable
c:\entw\pcie\64bit\eslscdll\board.c(2235): warning C4101: 'WriteData': unreferenced local variable
c:\entw\pcie\64bit\eslscdll\board.c(2319): warning C4101: 'WriteData': unreferenced local variable
c:\entw\pcie\64bit\eslscdll\board.c(2384): warning C4101: 'ReturnedLength': unreferenced local variable
c:\entw\pcie\64bit\eslscdll\board.c(2383): warning C4101: 'DataLength': unreferenced local variable
c:\entw\pcie\64bit\eslscdll\board.c(2382): warning C4101: 'WriteData': unreferenced local variable
c:\entw\pcie\64bit\eslscdll\board.c(2474): warning C4020: 'ErrorMsg': too many actual parameters
c:\entw\pcie\64bit\eslscdll\board.c(3120): warning C4098: 'StartReadWithDma': 'void' function returning a value
c:\entw\pcie\64bit\eslscdll\board.c(3147): warning C4047: '=': 'pArrayT' differs in levels of indirection from 'USHORT'
c:\entw\pcie\64bit\eslscdll\board.c(3210): warning C4018: '>': signed/unsigned mismatch
c:\entw\pcie\64bit\eslscdll\board.c(3245): warning C4018: '<': signed/unsigned mismatch
c:\entw\pcie\64bit\eslscdll\board.c(3389): warning C4018: '>': signed/unsigned mismatch
c:\entw\pcie\64bit\eslscdll\board.c(3545): warning C4013: 'FindCam' undefined; assuming extern returning int
c:\entw\pcie\64bit\eslscdll\board.c(3612): warning C4018: '<': signed/unsigned mismatch
c:\entw\pcie\64bit\eslscdll\board.c(3636): warning C4554: '&': check operator precedence for possible error; use parentheses to clarify precedence
c:\entw\pcie\64bit\eslscdll\board.c(3673): warning C4133: 'function': incompatible types - from 'DWORD64 *' to 'ULONG *'
c:\entw\pcie\64bit\eslscdll\board.c(3675): warning C4244: 'function': conversion from 'DWORD64' to 'ULONG', possible loss of data
c:\entw\pcie\64bit\eslscdll\board.c(3677): warning C4244: 'function': conversion from 'DWORD64' to 'ULONG', possible loss of data
c:\entw\pcie\64bit\eslscdll\board.c(3685): warning C4133: 'function': incompatible types - from 'DWORD64 *' to 'ULONG *'
c:\entw\pcie\64bit\eslscdll\board.c(3687): warning C4244: 'function': conversion from 'DWORD64' to 'ULONG', possible loss of data
c:\entw\pcie\64bit\eslscdll\board.c(3689): warning C4244: 'function': conversion from 'DWORD64' to 'ULONG', possible loss of data
c:\entw\pcie\64bit\eslscdll\board.c(3734): warning C4013: 'IsTimerOn' undefined; assuming extern returning int
c:\entw\pcie\64bit\eslscdll\board.c(3603): warning C4101: 'pdest': unreferenced local variable
c:\entw\pcie\64bit\eslscdll\board.c(4200): warning C4244: 'function': conversion from 'ULONG' to 'BYTE', possible loss of data
c:\entw\pcie\64bit\eslscdll\board.c(4533): warning C4133: 'function': incompatible types - from 'ULONG *' to 'BYTE *'
c:\entw\pcie\64bit\eslscdll\board.c(4535): warning C4244: 'function': conversion from 'ULONG' to 'BYTE', possible loss of data
c:\entw\pcie\64bit\eslscdll\board.c(4540): warning C4133: 'function': incompatible types - from 'ULONG *' to 'BYTE *'
c:\entw\pcie\64bit\eslscdll\board.c(4542): warning C4244: 'function': conversion from 'ULONG' to 'BYTE', possible loss of data
c:\entw\pcie\64bit\eslscdll\board.c(4602): warning C4244: 'function': conversion from 'DWORD' to 'USHORT', possible loss of data
c:\entw\pcie\64bit\eslscdll\board.c(4610): warning C4244: 'function': conversion from 'DWORD' to 'USHORT', possible loss of data
c:\entw\pcie\64bit\eslscdll\eslscdll.c(506): warning C4018: '>': signed/unsigned mismatch
c:\entw\pcie\64bit\eslscdll\eslscdll.c(550): warning C4101: 'pdest': unreferenced local variable
c:\entw\pcie\64bit\eslscdll\eslscdll.c(553): warning C4101: 'dwdata': unreferenced local variable
c:\entw\pcie\64bit\eslscdll\eslscdll.c(604): warning C4101: 'pdest': unreferenced local variable
c:\entw\pcie\64bit\eslscdll\eslscdll.c(607): warning C4101: 'dwdata': unreferenced local variable
c:\entw\pcie\64bit\eslscdll\eslscdll.c(752): warning C4090: 'function': different 'volatile' qualifiers
c:\entw\pcie\64bit\eslscdll\eslscdll.c(856): warning C4047: 'function': 'UINT64 *' differs in levels of indirection from 'UINT64'
c:\entw\pcie\64bit\eslscdll\eslscdll.c(856): warning C4024: 'FreeMemInfo': different types for formal and actual parameter 1
c:\entw\pcie\64bit\eslscdll\eslscdll.c(856): warning C4024: 'FreeMemInfo': different types for formal and actual parameter 2
c:\entw\pcie\64bit\eslscdll\board.c(3124): warning C4700: uninitialized local variable 'pReadArray' used
     Creating library C:\ENTW\PCIE\64bit\ESLSCDLL\x64\Debug\ESLSCDLL.lib and object C:\ENTW\PCIE\64bit\ESLSCDLL\x64\Debug\ESLSCDLL.exp
  ESLSCDLL.vcxproj -> C:\ENTW\PCIE\64bit\ESLSCDLL\x64\Debug\ESLSCDLL.dll
  ESLSCDLL.vcxproj -> C:\ENTW\PCIE\64bit\ESLSCDLL\x64\Debug\ESLSCDLL.pdb (Full PDB)
